<?xml version="1.0" encoding="UTF-8"?>
<!-- Generated by org.testng.reporters.JUnitXMLReporter -->
<testsuite hostname="DESKTOP-P3TS0E9" ignored="2" name="Test Chrome" tests="3" failures="1" timestamp="20 Aug 2017 12:15:25 GMT" time="51.961" errors="0">
  <testcase name="testValidLogin" time="5.22" classname="com.Einsta.test.ValidLogin"/>
  <testcase name="testInvalidLogin" time="3.186" classname="com.Einsta.test.InvalidLogin"/>
  <testcase name="testVerifyBuildVersion" time="6.656" classname="com.Einsta.test.VerifyBuildVersion">
    <failure type="java.lang.AssertionError" message="expected [(build 39634)] but found [(build 39737)]">
      <![CDATA[java.lang.AssertionError: expected [(build 39634)] but found [(build 39737)]
	at com.Einsta.page.EnterTimeTrackPage.verifyBuildNumber(EnterTimeTrackPage.java:48)
	at com.Einsta.test.VerifyBuildVersion.testVerifyBuildVersion(VerifyBuildVersion.java:36)
	at java.util.concurrent.FutureTask.run(FutureTask.java:266)
	at java.util.concurrent.ThreadPoolExecutor.runWorker(ThreadPoolExecutor.java:1142)
	at java.util.concurrent.ThreadPoolExecutor$Worker.run(ThreadPoolExecutor.java:617)
	at java.lang.Thread.run(Thread.java:748)
... Removed 22 stack frames]]>
    </failure>
  </testcase> <!-- testVerifyBuildVersion -->
  <testcase name="@BeforeSuite initDriver" time="0.0" classname="generic.BaseTest">
    <ignored/>
  </testcase> <!-- @BeforeSuite initDriver -->
  <testcase name="@BeforeSuite initDriver" time="0.0" classname="generic.BaseTest">
    <ignored/>
  </testcase> <!-- @BeforeSuite initDriver -->
</testsuite> <!-- Test Chrome -->
