<?xml version="1.0" encoding="UTF-8"?>
<testng-results skipped="0" failed="1" ignored="2" total="5" passed="2">
  <reporter-output>
    <line>
      <![CDATA[pass: matching]]>
    </line>
    <line>
      <![CDATA[pass:err msg is displayed]]>
    </line>
  </reporter-output>
  <suite name="Suite" duration-ms="51961" started-at="2017-08-20T12:14:33Z" finished-at="2017-08-20T12:15:25Z">
    <groups>
    </groups>
    <test name="Test Chrome" duration-ms="51961" started-at="2017-08-20T12:14:33Z" finished-at="2017-08-20T12:15:25Z">
      <class name="com.Einsta.test.InvalidLogin">
        <test-method status="PASS" signature="initDriver()[pri:0, instance:com.Einsta.test.InvalidLogin@51565ec2]" name="initDriver" is-config="true" duration-ms="8" started-at="2017-08-20T17:44:33Z" finished-at="2017-08-20T17:44:33Z">
          <reporter-output>
          </reporter-output>
        </test-method> <!-- initDriver -->
        <test-method status="PASS" signature="openApp(java.lang.String, java.lang.String)[pri:0, instance:com.Einsta.test.InvalidLogin@51565ec2]" name="openApp" is-config="true" duration-ms="10818" started-at="2017-08-20T17:44:51Z" finished-at="2017-08-20T17:45:01Z">
          <params>
            <param index="0">
              <value>
                <![CDATA[http://192.168.0.105:4444/wd/hub]]>
              </value>
            </param>
            <param index="1">
              <value>
                <![CDATA[chrome]]>
              </value>
            </param>
          </params>
          <reporter-output>
          </reporter-output>
        </test-method> <!-- openApp -->
        <test-method status="PASS" signature="testInvalidLogin()[pri:2, instance:com.Einsta.test.InvalidLogin@51565ec2]" name="testInvalidLogin" duration-ms="3186" started-at="2017-08-20T17:45:01Z" finished-at="2017-08-20T17:45:05Z">
          <reporter-output>
            <line>
              <![CDATA[pass:err msg is displayed]]>
            </line>
          </reporter-output>
        </test-method> <!-- testInvalidLogin -->
        <test-method status="PASS" signature="closeApp()[pri:0, instance:com.Einsta.test.InvalidLogin@51565ec2]" name="closeApp" is-config="true" duration-ms="851" started-at="2017-08-20T17:45:05Z" finished-at="2017-08-20T17:45:06Z">
          <reporter-output>
          </reporter-output>
        </test-method> <!-- closeApp -->
      </class> <!-- com.Einsta.test.InvalidLogin -->
      <class name="com.Einsta.test.ValidLogin">
        <test-method status="PASS" signature="openApp(java.lang.String, java.lang.String)[pri:0, instance:com.Einsta.test.ValidLogin@482f8f11]" name="openApp" is-config="true" duration-ms="11196" started-at="2017-08-20T17:44:33Z" finished-at="2017-08-20T17:44:45Z">
          <params>
            <param index="0">
              <value>
                <![CDATA[http://192.168.0.105:4444/wd/hub]]>
              </value>
            </param>
            <param index="1">
              <value>
                <![CDATA[chrome]]>
              </value>
            </param>
          </params>
          <reporter-output>
          </reporter-output>
        </test-method> <!-- openApp -->
        <test-method status="PASS" signature="testValidLogin()[pri:1, instance:com.Einsta.test.ValidLogin@482f8f11]" name="testValidLogin" duration-ms="5220" started-at="2017-08-20T17:44:45Z" finished-at="2017-08-20T17:44:50Z">
          <reporter-output>
            <line>
              <![CDATA[pass: matching]]>
            </line>
          </reporter-output>
        </test-method> <!-- testValidLogin -->
        <test-method status="PASS" signature="closeApp()[pri:0, instance:com.Einsta.test.ValidLogin@482f8f11]" name="closeApp" is-config="true" duration-ms="842" started-at="2017-08-20T17:44:50Z" finished-at="2017-08-20T17:44:51Z">
          <reporter-output>
          </reporter-output>
        </test-method> <!-- closeApp -->
      </class> <!-- com.Einsta.test.ValidLogin -->
      <class name="com.Einsta.test.VerifyBuildVersion">
        <test-method status="PASS" signature="openApp(java.lang.String, java.lang.String)[pri:0, instance:com.Einsta.test.VerifyBuildVersion@1593948d]" name="openApp" is-config="true" duration-ms="12249" started-at="2017-08-20T17:45:06Z" finished-at="2017-08-20T17:45:18Z">
          <params>
            <param index="0">
              <value>
                <![CDATA[http://192.168.0.105:4444/wd/hub]]>
              </value>
            </param>
            <param index="1">
              <value>
                <![CDATA[chrome]]>
              </value>
            </param>
          </params>
          <reporter-output>
          </reporter-output>
        </test-method> <!-- openApp -->
        <test-method status="FAIL" signature="testVerifyBuildVersion()[pri:3, instance:com.Einsta.test.VerifyBuildVersion@1593948d]" name="testVerifyBuildVersion" duration-ms="6656" started-at="2017-08-20T17:45:18Z" finished-at="2017-08-20T17:45:24Z">
          <exception class="java.lang.AssertionError">
            <message>
              <![CDATA[expected [(build 39634)] but found [(build 39737)]]]>
            </message>
            <full-stacktrace>
              <![CDATA[java.lang.AssertionError: expected [(build 39634)] but found [(build 39737)]
	at org.testng.Assert.fail(Assert.java:93)
	at org.testng.Assert.failNotEquals(Assert.java:512)
	at org.testng.Assert.assertEqualsImpl(Assert.java:134)
	at org.testng.Assert.assertEquals(Assert.java:115)
	at org.testng.Assert.assertEquals(Assert.java:189)
	at org.testng.Assert.assertEquals(Assert.java:199)
	at com.Einsta.page.EnterTimeTrackPage.verifyBuildNumber(EnterTimeTrackPage.java:48)
	at com.Einsta.test.VerifyBuildVersion.testVerifyBuildVersion(VerifyBuildVersion.java:36)
	at sun.reflect.NativeMethodAccessorImpl.invoke0(Native Method)
	at sun.reflect.NativeMethodAccessorImpl.invoke(NativeMethodAccessorImpl.java:62)
	at sun.reflect.DelegatingMethodAccessorImpl.invoke(DelegatingMethodAccessorImpl.java:43)
	at java.lang.reflect.Method.invoke(Method.java:498)
	at org.testng.internal.MethodInvocationHelper.invokeMethod(MethodInvocationHelper.java:108)
	at org.testng.internal.Invoker.invokeMethod(Invoker.java:661)
	at org.testng.internal.Invoker.invokeTestMethod(Invoker.java:869)
	at org.testng.internal.Invoker.invokeTestMethods(Invoker.java:1193)
	at org.testng.internal.TestMethodWorker.invokeTestMethods(TestMethodWorker.java:126)
	at org.testng.internal.TestMethodWorker.run(TestMethodWorker.java:109)
	at org.testng.TestRunner.privateRun(TestRunner.java:744)
	at org.testng.TestRunner.run(TestRunner.java:602)
	at org.testng.SuiteRunner.runTest(SuiteRunner.java:380)
	at org.testng.SuiteRunner.access$000(SuiteRunner.java:39)
	at org.testng.SuiteRunner$SuiteWorker.run(SuiteRunner.java:414)
	at org.testng.internal.thread.ThreadUtil$1.call(ThreadUtil.java:52)
	at java.util.concurrent.FutureTask.run(FutureTask.java:266)
	at java.util.concurrent.ThreadPoolExecutor.runWorker(ThreadPoolExecutor.java:1142)
	at java.util.concurrent.ThreadPoolExecutor$Worker.run(ThreadPoolExecutor.java:617)
	at java.lang.Thread.run(Thread.java:748)
]]>
            </full-stacktrace>
          </exception> <!-- java.lang.AssertionError -->
          <reporter-output>
          </reporter-output>
        </test-method> <!-- testVerifyBuildVersion -->
        <test-method status="PASS" signature="closeApp()[pri:0, instance:com.Einsta.test.VerifyBuildVersion@1593948d]" name="closeApp" is-config="true" duration-ms="920" started-at="2017-08-20T17:45:24Z" finished-at="2017-08-20T17:45:25Z">
          <reporter-output>
          </reporter-output>
        </test-method> <!-- closeApp -->
      </class> <!-- com.Einsta.test.VerifyBuildVersion -->
    </test> <!-- Test Chrome -->
  </suite> <!-- Suite -->
</testng-results>
